1411208337 106372 0
1411208352 108372 842
1411208367 114684 1251
1411208383 122304 1601
1411208398 128180 1998
1411208413 132656 2396
1411208428 133804 2643
1411208444 138232 3072
1411208459 149184 3494
1411208474 157904 3901
1411208489 160016 4254
1411208504 167140 4683
1411208520 170304 4975
1411208535 174528 5325
1411208550 178348 5781
1411208565 181516 6167
1411208581 185412 6532
1411208596 186728 6810
1411208611 191676 7120
1411208626 193260 7438
1411208642 196888 7766
1411208657 198736 8075
1411208672 201652 8387
1411208688 203236 8660
1411208703 205084 9003
1411208718 206320 9240
1411208733 208504 9543
1411208749 210352 9873
1411208764 211936 10221
1411208779 213784 10566
1411208795 219988 10889
1411208810 220912 11156
1411208825 224536 11474
1411208840 225856 11791
1411208856 231536 12102
1411208871 234376 12315
1411208886 237468 12601
1411208902 237992 12866
1411208917 238932 13110
1411208932 242032 13391
1411208948 245524 13624
1411208963 248360 13911
1411208978 249748 14164
1411208994 255896 14409
1411209009 263312 14674
1411209024 264580 14963
1411209040 264672 15197
1411209055 265432 15470
1411209070 268760 15737
1411209086 269812 15979
1411209101 270588 16171
1411209116 271116 16395
1411209132 271908 16622
1411209147 272964 16846
1411209162 273756 17053
1411209178 274020 17256
1411209193 275340 17469
1411209209 278396 17756
1411209224 279184 18004
1411209239 281756 18204
1411209255 284856 18430
1411209270 285228 18650
1411209285 286544 18879
1411209301 287072 19079
1411209316 288144 19257
1411209332 293816 19490
1411209347 297444 19701
1411209362 298236 19886
1411209378 301340 20067
1411209393 302656 20269
1411209409 305496 20474
1411209424 306284 20661
1411209439 308596 20837
1411209455 311432 21054
1411209470 312220 21246
1411209486 313276 21489
1411209501 315848 21716
1411209516 316640 21936
1411209532 317168 22118
1411209547 317960 22324
1411209563 318752 22520
1411209578 319280 22706
1411209593 320588 22890
1411209609 321116 23107
1411209624 323224 23316
1411209640 328636 23551
1411209655 331740 23742
1411209671 335272 23974
1411209686 336584 24184
1411209701 340444 24404
1411209717 345076 24612
1411209732 350980 24824
1411209748 354064 25022
1411209763 354504 25178
1411209779 355284 25346
1411209794 357592 25547
1411209810 357856 25722
1411209825 362480 25909
1411209840 363260 26074
1411209856 363260 26270
1411209871 365572 26438
1411209887 366096 26607
1411209902 366620 26755
1411209918 368932 26923
1411209933 369196 27127
1411209949 369724 27294
1411209964 369984 27477
1411209980 374344 27661
1411209995 374608 27844
1411210011 379228 28006
1411210026 379228 28194
1411210041 383588 28368
1411210057 383840 28557
1411210072 386152 28737
1411210088 386676 28929
1411210103 388724 29104
1411210119 388984 29297
1411210134 391824 29471
1411210150 394136 29639
1411210165 394928 29810
1411210181 397240 29979
1411210196 397768 30165
1411210212 400068 30319
1411210227 400596 30460
1411210243 401120 30624
1411210258 401648 30785
1411210274 404220 30952
1411210289 404484 31107
1411210305 405276 31257
1411210320 411420 31448
1411210336 411684 31627
1411210351 413732 31770
1411210367 413732 31947
1411210382 414188 32104
1411210398 414452 32259
1411210413 414824 32432
1411210429 415344 32572
1411210444 417016 32733
1411210460 421432 32884
1411210476 422960 33038
1411210491 429628 33210
1411210507 430384 33376
1411210522 430908 33558
1411210538 431432 33707
1411210553 433744 33870
1411210569 436056 34044
1411210584 438896 34207
1411210600 441472 34384
1411210615 443780 34550
1411210631 448400 34705
1411210646 448400 34882
1411210662 448656 35012
1411210678 448916 35196
1411210693 448916 35334
1411210709 453012 35487
1411210724 453012 35624
1411210740 453536 35779
1411210755 453536 35942
1411210771 455848 36108
1411210786 455848 36249
1411210802 455780 36419
1411210818 455780 36573
1411210833 457828 36716
1411210849 458088 36858
1411210864 460692 37019
1411210880 460956 37182
1411210895 463260 37326
1411210911 465308 37480
1411210927 465308 37623
1411210942 466088 37765
1411210958 466352 37909
1411210973 466616 38038
1411210989 469184 38196
1411211005 470712 38327
1411211020 474808 38385
1411211036 474808 38385
1411211051 475068 38385
1411211067 475068 38385
1411211082 475068 38385
1411211098 475068 38385
1411211114 475068 38385
1411211129 475068 38385
1411211145 475068 38385
1411211160 475068 38385
1411211176 475068 38385
1411211192 475332 38385
1411211207 475332 38385
1411211223 475332 38385
1411211238 475332 38385
1411211254 475332 38385
1411211269 479136 38385
1411211285 479904 38385
1411211301 480668 38385
1411211316 480668 38385
